<?xml version="1.0" encoding="UTF-8"?>
<!-- Generated by org.testng.reporters.JUnitReportReporter -->
<testsuite hostname="nicoli" name="testcase.Case_0001" tests="2" failures="0" timestamp="25 Apr 2017 09:05:04 GMT" time="9.319" errors="0">
  <testcase name="f" time="4.750" classname="testcase.Case_0001"/>
  <testcase name="f" time="4.569" classname="testcase.Case_0001"/>
</testsuite> <!-- testcase.Case_0001 -->
